

============================== 2023-02-03 01:56:16.402822 | f13c2d43-7f15-4e01-87a7-8b8a565ac630 ==============================
[0m01:56:16.402843 [info ] [MainThread]: Running with dbt=1.3.2
[0m01:56:16.403426 [debug] [MainThread]: running dbt with arguments {'write_json': True, 'use_colors': True, 'printer_width': 80, 'version_check': True, 'partial_parse': True, 'static_parser': True, 'profiles_dir': '/home/huy-bq/.dbt', 'send_anonymous_usage_stats': True, 'event_buffer_size': 100000, 'quiet': False, 'no_print': False, 'cache_selected_only': False, 'project_name': 'phutho', 'skip_profile_setup': False, 'which': 'init', 'indirect_selection': 'eager'}
[0m01:56:16.403633 [debug] [MainThread]: Tracking: tracking
[0m01:56:16.413683 [debug] [MainThread]: Sending event: {'category': 'dbt', 'action': 'invocation', 'label': 'start', 'context': [<snowplow_tracker.self_describing_json.SelfDescribingJson object at 0x7fd92d1a1970>, <snowplow_tracker.self_describing_json.SelfDescribingJson object at 0x7fd92d1a1790>, <snowplow_tracker.self_describing_json.SelfDescribingJson object at 0x7fd92d1a1880>]}
[0m01:56:16.416840 [debug] [MainThread]: Starter project path: /home/huy-bq/.venv/venv_dbt_vietsens/lib64/python3.9/site-packages/dbt/include/starter_project
[0m01:58:24.102797 [info ] [MainThread]: No sample profile found for clickhouse.
[0m01:58:24.103371 [info ] [MainThread]: 
Your new dbt project "phutho" was created!

For more information on how to configure the profiles.yml file,
please consult the dbt documentation here:

  https://docs.getdbt.com/docs/configure-your-profile

One more thing:

Need help? Don't hesitate to reach out to us via GitHub issues or on Slack:

  https://community.getdbt.com/

Happy modeling!

[0m01:58:24.103874 [debug] [MainThread]: Sending event: {'category': 'dbt', 'action': 'invocation', 'label': 'end', 'context': [<snowplow_tracker.self_describing_json.SelfDescribingJson object at 0x7fd92d1a15b0>, <snowplow_tracker.self_describing_json.SelfDescribingJson object at 0x7fd92d1a1a30>, <snowplow_tracker.self_describing_json.SelfDescribingJson object at 0x7fd92d1a1580>]}
[0m01:58:24.104250 [debug] [MainThread]: Flushing usage events


============================== 2023-02-03 01:58:44.640541 | a26fff8b-aad3-4cad-a073-3733ad23f7ca ==============================
[0m01:58:44.640560 [info ] [MainThread]: Running with dbt=1.3.2
[0m01:58:44.641104 [debug] [MainThread]: running dbt with arguments {'write_json': True, 'use_colors': True, 'printer_width': 80, 'version_check': True, 'partial_parse': True, 'static_parser': True, 'profiles_dir': '/home/huy-bq/.dbt', 'send_anonymous_usage_stats': True, 'event_buffer_size': 100000, 'quiet': False, 'no_print': False, 'cache_selected_only': False, 'project_name': 'phutho', 'skip_profile_setup': False, 'which': 'init', 'indirect_selection': 'eager'}
[0m01:58:44.641311 [debug] [MainThread]: Tracking: tracking
[0m01:58:44.650785 [debug] [MainThread]: Sending event: {'category': 'dbt', 'action': 'invocation', 'label': 'start', 'context': [<snowplow_tracker.self_describing_json.SelfDescribingJson object at 0x7f2489500970>, <snowplow_tracker.self_describing_json.SelfDescribingJson object at 0x7f2489500790>, <snowplow_tracker.self_describing_json.SelfDescribingJson object at 0x7f2489500880>]}
[0m01:58:44.656296 [debug] [MainThread]: Starter project path: /home/huy-bq/.venv/venv_dbt_vietsens/lib64/python3.9/site-packages/dbt/include/starter_project
[0m01:58:46.210624 [info ] [MainThread]: No sample profile found for clickhouse.
[0m01:58:46.211150 [info ] [MainThread]: 
Your new dbt project "phutho" was created!

For more information on how to configure the profiles.yml file,
please consult the dbt documentation here:

  https://docs.getdbt.com/docs/configure-your-profile

One more thing:

Need help? Don't hesitate to reach out to us via GitHub issues or on Slack:

  https://community.getdbt.com/

Happy modeling!

[0m01:58:46.211644 [debug] [MainThread]: Sending event: {'category': 'dbt', 'action': 'invocation', 'label': 'end', 'context': [<snowplow_tracker.self_describing_json.SelfDescribingJson object at 0x7f24895005b0>, <snowplow_tracker.self_describing_json.SelfDescribingJson object at 0x7f2489500a30>, <snowplow_tracker.self_describing_json.SelfDescribingJson object at 0x7f2489500580>]}
[0m01:58:46.212015 [debug] [MainThread]: Flushing usage events


============================== 2023-02-03 02:00:29.388474 | 9c20c946-1157-4cf4-8f67-69fefd956326 ==============================
[0m02:00:29.388499 [info ] [MainThread]: Running with dbt=1.3.2
[0m02:00:29.389087 [debug] [MainThread]: running dbt with arguments {'write_json': True, 'use_colors': True, 'printer_width': 80, 'version_check': True, 'partial_parse': True, 'static_parser': True, 'profiles_dir': '/home/huy-bq/.dbt', 'send_anonymous_usage_stats': True, 'event_buffer_size': 100000, 'quiet': False, 'no_print': False, 'cache_selected_only': False, 'config_dir': False, 'which': 'debug', 'indirect_selection': 'eager'}
[0m02:00:29.389297 [debug] [MainThread]: Tracking: tracking
[0m02:00:29.398449 [debug] [MainThread]: Sending event: {'category': 'dbt', 'action': 'invocation', 'label': 'start', 'context': [<snowplow_tracker.self_describing_json.SelfDescribingJson object at 0x7f4edd0d2910>, <snowplow_tracker.self_describing_json.SelfDescribingJson object at 0x7f4edd0d2850>, <snowplow_tracker.self_describing_json.SelfDescribingJson object at 0x7f4edd0d2940>]}
[0m02:00:29.400797 [debug] [MainThread]: Executing "git --help"
[0m02:00:29.413858 [debug] [MainThread]: STDOUT: "b"usage: git [--version] [--help] [-C <path>] [-c <name>=<value>]\n           [--exec-path[=<path>]] [--html-path] [--man-path] [--info-path]\n           [-p | --paginate | -P | --no-pager] [--no-replace-objects] [--bare]\n           [--git-dir=<path>] [--work-tree=<path>] [--namespace=<name>]\n           [--super-prefix=<path>] [--config-env=<name>=<envvar>]\n           <command> [<args>]\n\nThese are common Git commands used in various situations:\n\nstart a working area (see also: git help tutorial)\n   clone             Clone a repository into a new directory\n   init              Create an empty Git repository or reinitialize an existing one\n\nwork on the current change (see also: git help everyday)\n   add               Add file contents to the index\n   mv                Move or rename a file, a directory, or a symlink\n   restore           Restore working tree files\n   rm                Remove files from the working tree and from the index\n   sparse-checkout   Initialize and modify the sparse-checkout\n\nexamine the history and state (see also: git help revisions)\n   bisect            Use binary search to find the commit that introduced a bug\n   diff              Show changes between commits, commit and working tree, etc\n   grep              Print lines matching a pattern\n   log               Show commit logs\n   show              Show various types of objects\n   status            Show the working tree status\n\ngrow, mark and tweak your common history\n   branch            List, create, or delete branches\n   commit            Record changes to the repository\n   merge             Join two or more development histories together\n   rebase            Reapply commits on top of another base tip\n   reset             Reset current HEAD to the specified state\n   switch            Switch branches\n   tag               Create, list, delete or verify a tag object signed with GPG\n\ncollaborate (see also: git help workflows)\n   fetch             Download objects and refs from another repository\n   pull              Fetch from and integrate with another repository or a local branch\n   push              Update remote refs along with associated objects\n\n'git help -a' and 'git help -g' list available subcommands and some\nconcept guides. See 'git help <command>' or 'git help <concept>'\nto read about a specific subcommand or concept.\nSee 'git help git' for an overview of the system.\n""
[0m02:00:29.414692 [debug] [MainThread]: STDERR: "b''"
[0m02:00:29.415529 [debug] [MainThread]: Sending event: {'category': 'dbt', 'action': 'invocation', 'label': 'end', 'context': [<snowplow_tracker.self_describing_json.SelfDescribingJson object at 0x7f4edd0d2850>, <snowplow_tracker.self_describing_json.SelfDescribingJson object at 0x7f4edd0d2790>, <snowplow_tracker.self_describing_json.SelfDescribingJson object at 0x7f4edd0d2700>]}
[0m02:00:29.416225 [debug] [MainThread]: Flushing usage events


============================== 2023-02-06 06:37:45.688152 | e104023b-b0af-4fb0-83e6-63a770b615c4 ==============================
[0m06:37:45.688166 [info ] [MainThread]: Running with dbt=1.3.2
[0m06:37:45.689023 [debug] [MainThread]: running dbt with arguments {'write_json': True, 'use_colors': True, 'printer_width': 80, 'version_check': True, 'partial_parse': True, 'static_parser': True, 'profiles_dir': '/home/huy-bq/.dbt', 'send_anonymous_usage_stats': True, 'event_buffer_size': 100000, 'quiet': False, 'no_print': False, 'cache_selected_only': False, 'config_dir': False, 'which': 'debug', 'indirect_selection': 'eager'}
[0m06:37:45.689260 [debug] [MainThread]: Tracking: tracking
[0m06:37:45.699807 [debug] [MainThread]: Sending event: {'category': 'dbt', 'action': 'invocation', 'label': 'start', 'context': [<snowplow_tracker.self_describing_json.SelfDescribingJson object at 0x7f8e1609f9a0>, <snowplow_tracker.self_describing_json.SelfDescribingJson object at 0x7f8e1609f8e0>, <snowplow_tracker.self_describing_json.SelfDescribingJson object at 0x7f8e1609f880>]}
[0m06:37:45.701347 [debug] [MainThread]: Executing "git --help"
[0m06:37:45.713204 [debug] [MainThread]: STDOUT: "b"usage: git [--version] [--help] [-C <path>] [-c <name>=<value>]\n           [--exec-path[=<path>]] [--html-path] [--man-path] [--info-path]\n           [-p | --paginate | -P | --no-pager] [--no-replace-objects] [--bare]\n           [--git-dir=<path>] [--work-tree=<path>] [--namespace=<name>]\n           [--super-prefix=<path>] [--config-env=<name>=<envvar>]\n           <command> [<args>]\n\nThese are common Git commands used in various situations:\n\nstart a working area (see also: git help tutorial)\n   clone             Clone a repository into a new directory\n   init              Create an empty Git repository or reinitialize an existing one\n\nwork on the current change (see also: git help everyday)\n   add               Add file contents to the index\n   mv                Move or rename a file, a directory, or a symlink\n   restore           Restore working tree files\n   rm                Remove files from the working tree and from the index\n   sparse-checkout   Initialize and modify the sparse-checkout\n\nexamine the history and state (see also: git help revisions)\n   bisect            Use binary search to find the commit that introduced a bug\n   diff              Show changes between commits, commit and working tree, etc\n   grep              Print lines matching a pattern\n   log               Show commit logs\n   show              Show various types of objects\n   status            Show the working tree status\n\ngrow, mark and tweak your common history\n   branch            List, create, or delete branches\n   commit            Record changes to the repository\n   merge             Join two or more development histories together\n   rebase            Reapply commits on top of another base tip\n   reset             Reset current HEAD to the specified state\n   switch            Switch branches\n   tag               Create, list, delete or verify a tag object signed with GPG\n\ncollaborate (see also: git help workflows)\n   fetch             Download objects and refs from another repository\n   pull              Fetch from and integrate with another repository or a local branch\n   push              Update remote refs along with associated objects\n\n'git help -a' and 'git help -g' list available subcommands and some\nconcept guides. See 'git help <command>' or 'git help <concept>'\nto read about a specific subcommand or concept.\nSee 'git help git' for an overview of the system.\n""
[0m06:37:45.714172 [debug] [MainThread]: STDERR: "b''"
[0m06:37:45.715544 [debug] [MainThread]: Sending event: {'category': 'dbt', 'action': 'invocation', 'label': 'end', 'context': [<snowplow_tracker.self_describing_json.SelfDescribingJson object at 0x7f8e1609f8e0>, <snowplow_tracker.self_describing_json.SelfDescribingJson object at 0x7f8e1609f820>, <snowplow_tracker.self_describing_json.SelfDescribingJson object at 0x7f8e1609f760>]}
[0m06:37:45.716700 [debug] [MainThread]: Flushing usage events
